c:\demosdlgame001\x64\debug\vc142.pdb
c:\demosdlgame001\x64\debug\vc142.idb
c:\demosdlgame001\x64\debug\vector.obj
c:\demosdlgame001\x64\debug\title.obj
c:\demosdlgame001\x64\debug\sprite.obj
c:\demosdlgame001\x64\debug\simple_logger.obj
c:\demosdlgame001\x64\debug\player.obj
c:\demosdlgame001\x64\debug\map.obj
c:\demosdlgame001\x64\debug\maingame.obj
c:\demosdlgame001\x64\debug\init.obj
c:\demosdlgame001\x64\debug\graphics.obj
c:\demosdlgame001\x64\debug\entity.obj
c:\demosdlgame001\x64\debug\car.obj
c:\demosdlgame001\x64\debug\camera.obj
c:\demosdlgame001\x64\debug\backgound.obj
c:\demosdlgame001\x64\debug\audio.obj
c:\demosdlgame001\x64\debug\demosdlgame001.exe
c:\demosdlgame001\x64\debug\demosdlgame001.ilk
c:\demosdlgame001\x64\debug\demosdlgame001.pdb
c:\demosdlgame001\x64\debug\demosdlgame001.tlog\cl.command.1.tlog
c:\demosdlgame001\x64\debug\demosdlgame001.tlog\cl.read.1.tlog
c:\demosdlgame001\x64\debug\demosdlgame001.tlog\cl.write.1.tlog
c:\demosdlgame001\x64\debug\demosdlgame001.tlog\link.command.1.tlog
c:\demosdlgame001\x64\debug\demosdlgame001.tlog\link.read.1.tlog
c:\demosdlgame001\x64\debug\demosdlgame001.tlog\link.write.1.tlog
