c:\demosdlgame002_chipmunkdemo\x64\debug\vc142.pdb
c:\demosdlgame002_chipmunkdemo\x64\debug\vc142.idb
c:\demosdlgame002_chipmunkdemo\x64\debug\vector.obj
c:\demosdlgame002_chipmunkdemo\x64\debug\title.obj
c:\demosdlgame002_chipmunkdemo\x64\debug\sprite.obj
c:\demosdlgame002_chipmunkdemo\x64\debug\simple_logger.obj
c:\demosdlgame002_chipmunkdemo\x64\debug\player.obj
c:\demosdlgame002_chipmunkdemo\x64\debug\map.obj
c:\demosdlgame002_chipmunkdemo\x64\debug\maingame.obj
c:\demosdlgame002_chipmunkdemo\x64\debug\init.obj
c:\demosdlgame002_chipmunkdemo\x64\debug\graphics.obj
c:\demosdlgame002_chipmunkdemo\x64\debug\entity.obj
c:\demosdlgame002_chipmunkdemo\x64\debug\car.obj
c:\demosdlgame002_chipmunkdemo\x64\debug\camera.obj
c:\demosdlgame002_chipmunkdemo\x64\debug\backgound.obj
c:\demosdlgame002_chipmunkdemo\x64\debug\audio.obj
c:\demosdlgame002_chipmunkdemo\x64\debug\math.obj
c:\demosdlgame002_chipmunkdemo\x64\debug\demosdlgame002.exe
c:\demosdlgame002_chipmunkdemo\x64\debug\demosdlgame002.ilk
c:\demosdlgame002_chipmunkdemo\x64\debug\demosdlgame002.pdb
c:\demosdlgame002_chipmunkdemo\x64\debug\demosdlgame002.tlog\cl.command.1.tlog
c:\demosdlgame002_chipmunkdemo\x64\debug\demosdlgame002.tlog\cl.read.1.tlog
c:\demosdlgame002_chipmunkdemo\x64\debug\demosdlgame002.tlog\cl.write.1.tlog
c:\demosdlgame002_chipmunkdemo\x64\debug\demosdlgame002.tlog\link.command.1.tlog
c:\demosdlgame002_chipmunkdemo\x64\debug\demosdlgame002.tlog\link.read.1.tlog
c:\demosdlgame002_chipmunkdemo\x64\debug\demosdlgame002.tlog\link.write.1.tlog
